"../../../../../GitRepos/Game159RNC/Content/FirstPerson/Character/Textures/UE4_LOGO_CARD.uasset" 0
"../../../../../GitRepos/Game159RNC/Content/FirstPerson/FPWeapon/Materials/MaterialLayers/ML_Plastic_Shiny_Beige_LOGO.uasset" 1
"../../../../../GitRepos/Game159RNC/Content/FirstPerson/FPWeapon/Materials/MaterialLayers/T_ML_FineRubber.uasset" 2
"../../../../../GitRepos/Game159RNC/Content/FirstPerson/FPWeapon/Mesh/SK_FPGun_PhysicsAsset.uasset" 3
"../../../../../GitRepos/Game159RNC/Content/FirstPerson/Meshes/BaseMaterial.uasset" 4
"../../../../../GitRepos/Game159RNC/Content/FirstPerson/Meshes/CubeMaterialOverride.uasset" 5
"../../../../../GitRepos/Game159RNC/Content/Audio/Collapse02.uasset" 6
"../../../../../GitRepos/Game159RNC/Content/Audio/Collapse01.uasset" 7
"../../../../../GitRepos/Game159RNC/Content/Audio/Collapse_Cue.uasset" 8
"../../../../../GitRepos/Game159RNC/Content/Audio/Light01.uasset" 9
"../../../../../GitRepos/Game159RNC/Content/Audio/Light01_Cue.uasset" 10
"../../../../../GitRepos/Game159RNC/Content/Audio/Light02.uasset" 11
"../../../../../GitRepos/Game159RNC/Content/Audio/Light02_Cue.uasset" 12
"../../../../../GitRepos/Game159RNC/Content/Audio/Starter_Birds01.uasset" 13
"../../../../../GitRepos/Game159RNC/Content/Audio/Starter_Wind05.uasset" 14
"../../../../../GitRepos/Game159RNC/Content/Audio/Starter_Wind06.uasset" 15
"../../../../../GitRepos/Game159RNC/Content/Audio/Starter_Background_Cue.uasset" 16
"../../../../../GitRepos/Game159RNC/Content/Audio/Starter_Music01.uasset" 17
"../../../../../GitRepos/Game159RNC/Content/Audio/Starter_Music_Cue.uasset" 18
"../../../../../GitRepos/Game159RNC/Content/Audio/wilhelm.uasset" 19
"../../../Engine/Content/BasicShapes/BasicShapeMaterial.uasset" 20
"../../../Engine/Content/EngineMaterials/T_Default_Material_Grid_N.uasset" 21
"../../../Engine/Content/EngineMaterials/T_Default_Material_Grid_M.uasset" 22
"../../../Engine/Content/Functions/Engine_MaterialFunctions01/Opacity/CameraDepthFade.uasset" 23
"../../../Engine/Content/EngineMaterials/DefaultMaterial.uasset" 24
"../../../Engine/Content/BasicShapes/Sphere.uasset" 25
"../../../../../GitRepos/Game159RNC/Content/Levels/MainMenu/Widgets/GenericMessageWidget.uasset" 26
"../../../../../GitRepos/Game159RNC/Content/Textures/T_Spark_Core.uasset" 27
"../../../../../GitRepos/Game159RNC/Content/Particles/Materials/M_Spark.uasset" 28
"../../../Engine/Content/Functions/Engine_MaterialFunctions01/Gradient/RadialGradient.uasset" 29
"../../../../../GitRepos/Game159RNC/Content/Particles/Materials/M_Radial_Gradient.uasset" 30
"../../../../../GitRepos/Game159RNC/Content/Textures/T_Smoke_Tiled_D.uasset" 31
"../../../../../GitRepos/Game159RNC/Content/Textures/T_Smoke_SubUV.uasset" 32
"../../../../../GitRepos/Game159RNC/Content/Particles/Materials/M_smoke_subUV.uasset" 33
"../../../../../GitRepos/Game159RNC/Content/Particles/SparksFinite.uasset" 34
"../../../../../GitRepos/Game159RNC/Content/Levels/MainMenu/Widgets/Level1DeathWidget.uasset" 35
"../../../../../GitRepos/Game159RNC/Content/Meshes/04_-_Default.uasset" 36
"../../../../../GitRepos/Game159RNC/Content/Meshes/y.uasset" 37
"../../../../../GitRepos/Game159RNC/Content/Meshes/m1.uasset" 38
"../../../../../GitRepos/Game159RNC/Content/Meshes/m.uasset" 39
"../../../../../GitRepos/Game159RNC/Content/Meshes/k1.uasset" 40
"../../../../../GitRepos/Game159RNC/Content/Meshes/k.uasset" 41
"../../../../../GitRepos/Game159RNC/Content/Meshes/2_2.uasset" 42
"../../../../../GitRepos/Game159RNC/Content/Meshes/11_-_Default.uasset" 43
"../../../../../GitRepos/Game159RNC/Content/Meshes/10_-_Default.uasset" 44
"../../../../../GitRepos/Game159RNC/Content/Meshes/06_-_Default.uasset" 45
"../../../../../GitRepos/Game159RNC/Content/Meshes/05_-_Default.uasset" 46
"../../../../../GitRepos/Game159RNC/Content/Meshes/cable.uasset" 47
"../../../../../GitRepos/Game159RNC/Content/Audio/electrocuted_fade_out.uasset" 48
"../../../../../GitRepos/Game159RNC/Content/Blueprints/ElectrifiedWater.uasset" 49
"../../../../../GitRepos/Game159RNC/Content/FirstPerson/Meshes/FirstPersonProjectileMaterial.uasset" 50
"../../../../../GitRepos/Game159RNC/Content/FirstPerson/Meshes/FirstPersonProjectileMesh.uasset" 51
"../../../../../GitRepos/Game159RNC/Content/Blueprints/FirstPersonProjectile.uasset" 52
"../../../../../GitRepos/Game159RNC/Content/FirstPerson/Audio/FirstPersonTemplateWeaponFire02.uasset" 53
"../../../../../GitRepos/Game159RNC/Content/FirstPerson/FPWeapon/Mesh/SK_FPGun_Skeleton.uasset" 54
"../../../../../GitRepos/Game159RNC/Content/FirstPerson/FPWeapon/Textures/T_FPGun_N.uasset" 55
"../../../../../GitRepos/Game159RNC/Content/FirstPerson/FPWeapon/Textures/T_FPGun_M.uasset" 56
"../../../../../GitRepos/Game159RNC/Content/FirstPerson/FPWeapon/Materials/MaterialLayers/T_ML_Aluminum01_N.uasset" 57
"../../../../../GitRepos/Game159RNC/Content/FirstPerson/FPWeapon/Materials/MaterialLayers/T_ML_Aluminum01.uasset" 58
"../../../../../GitRepos/Game159RNC/Content/FirstPerson/FPWeapon/Materials/MaterialLayers/ML_SoftMetal_UE4.uasset" 59
"../../../../../GitRepos/Game159RNC/Content/FirstPerson/FPWeapon/Materials/MaterialLayers/ML_Screen.uasset" 60
"../../../../../GitRepos/Game159RNC/Content/FirstPerson/FPWeapon/Materials/MaterialLayers/ML_Plastic_Shiny_Beige.uasset" 61
"../../../../../GitRepos/Game159RNC/Content/FirstPerson/FPWeapon/Materials/MaterialLayers/T_ML_Rubber_Blue_01_N.uasset" 62
"../../../../../GitRepos/Game159RNC/Content/FirstPerson/FPWeapon/Materials/MaterialLayers/T_ML_Rubber_Blue_01_D.uasset" 63
"../../../../../GitRepos/Game159RNC/Content/FirstPerson/FPWeapon/Materials/MaterialLayers/ML_GlossyBlack_Latex_UE4.uasset" 64
"../../../Engine/Content/Functions/MaterialLayerFunctions/MatLayerBlend_Simple.uasset" 65
"../../../Engine/Content/Functions/Engine_MaterialFunctions02/Utility/BlendAngleCorrectedNormals.uasset" 66
"../../../Engine/Content/Functions/MaterialLayerFunctions/MatLayerBlend_NormalBlend.uasset" 67
"../../../../../GitRepos/Game159RNC/Content/FirstPerson/FPWeapon/Materials/M_FPGun.uasset" 68
"../../../../../GitRepos/Game159RNC/Content/FirstPerson/FPWeapon/Mesh/SK_FPGun.uasset" 69
"../../../../../GitRepos/Game159RNC/Content/FirstPerson/Character/Mesh/SK_Mannequin_Arms_PhysicsAsset.uasset" 70
"../../../../../GitRepos/Game159RNC/Content/FirstPerson/Character/Textures/UE4_Mannequin_MAT_MASKA.uasset" 71
"../../../../../GitRepos/Game159RNC/Content/FirstPerson/Character/Textures/UE4_Mannequin__normals.uasset" 72
"../../../../../GitRepos/Game159RNC/Content/FirstPerson/Character/Materials/MaterialLayers/T_ML_Aluminum01_N.uasset" 73
"../../../../../GitRepos/Game159RNC/Content/FirstPerson/Character/Materials/MaterialLayers/T_ML_Aluminum01.uasset" 74
"../../../../../GitRepos/Game159RNC/Content/FirstPerson/Character/Materials/MaterialLayers/ML_SoftMetal_UE4.uasset" 75
"../../../../../GitRepos/Game159RNC/Content/FirstPerson/Character/Materials/MaterialLayers/ML_Plastic_Shiny_Beige_LOGO.uasset" 76
"../../../../../GitRepos/Game159RNC/Content/FirstPerson/Character/Materials/MaterialLayers/ML_Plastic_Shiny_Beige.uasset" 77
"../../../../../GitRepos/Game159RNC/Content/FirstPerson/Character/Materials/MaterialLayers/T_ML_Rubber_Blue_01_N.uasset" 78
"../../../../../GitRepos/Game159RNC/Content/FirstPerson/Character/Materials/MaterialLayers/T_ML_Rubber_Blue_01_D.uasset" 79
"../../../../../GitRepos/Game159RNC/Content/FirstPerson/Character/Materials/MaterialLayers/ML_GlossyBlack_Latex_UE4.uasset" 80
"../../../../../GitRepos/Game159RNC/Content/FirstPerson/Character/Materials/M_UE4Man_Body.uasset" 81
"../../../../../GitRepos/Game159RNC/Content/FirstPerson/Character/Mesh/SK_Mannequin_Arms_Skeleton.uasset" 82
"../../../../../GitRepos/Game159RNC/Content/FirstPerson/Character/Mesh/SK_Mannequin_Arms.uasset" 83
"../../../Engine/Content/EditorBlueprintResources/StandardMacros.uasset" 84
"../../../../../GitRepos/Game159RNC/Content/FirstPerson/Animations/FirstPerson_Run.uasset" 85
"../../../../../GitRepos/Game159RNC/Content/FirstPerson/Animations/FirstPerson_JumpStart.uasset" 86
"../../../../../GitRepos/Game159RNC/Content/FirstPerson/Animations/FirstPerson_JumpLoop.uasset" 87
"../../../../../GitRepos/Game159RNC/Content/FirstPerson/Animations/FirstPerson_JumpEnd.uasset" 88
"../../../../../GitRepos/Game159RNC/Content/FirstPerson/Animations/FirstPerson_Idle.uasset" 89
"../../../../../GitRepos/Game159RNC/Content/FirstPerson/Animations/FirstPerson_AnimBP.uasset" 90
"../../../../../GitRepos/Game159RNC/Content/FirstPerson/Animations/FirstPerson_Fire.uasset" 91
"../../../../../GitRepos/Game159RNC/Content/FirstPerson/Animations/FirstPersonFire_Montage.uasset" 92
"../../../../../GitRepos/Game159RNC/Content/Blueprints/FirstPersonCharacter.uasset" 93
"../../../../../GitRepos/Game159RNC/Content/FirstPerson/Textures/FirstPersonCrosshair.uasset" 94
"../../../../../GitRepos/Game159RNC/Content/Blueprints/FirstPersonHUD.uasset" 95
"../../../../../GitRepos/Game159RNC/Content/Blueprints/FirstPersonGameMode.uasset" 96
"../../../../../GitRepos/Game159RNC/Content/Blueprints/keyboard_key_t.uasset" 97
"../../../../../GitRepos/Game159RNC/Content/Blueprints/PressT.uasset" 98
"../../../../../GitRepos/Game159RNC/Content/Textures/T_Lamp_N.uasset" 99
"../../../../../GitRepos/Game159RNC/Content/Textures/T_Lamp_M.uasset" 100
"../../../../../GitRepos/Game159RNC/Content/Meshes/Props/Materials/M_Lamp.uasset" 101
"../../../../../GitRepos/Game159RNC/Content/Meshes/Props/SM_Lamp_Ceiling.uasset" 102
"../../../../../GitRepos/Game159RNC/Content/Blueprints/StarterBlueprints/Blueprint_CeilingLight.uasset" 103
"../../../../../GitRepos/Game159RNC/Content/Particles/Materials/M_radial_ramp.uasset" 104
"../../../../../GitRepos/Game159RNC/Content/Particles/Materials/m_flare_01.uasset" 105
"../../../../../GitRepos/Game159RNC/Content/Textures/T_Explosion_SubUV.uasset" 106
"../../../../../GitRepos/Game159RNC/Content/Particles/Materials/M_explosion_subUV.uasset" 107
"../../../../../GitRepos/Game159RNC/Content/Textures/T_Burst_M.uasset" 108
"../../../../../GitRepos/Game159RNC/Content/Particles/Materials/M_Burst.uasset" 109
"../../../../../GitRepos/Game159RNC/Content/Particles/P_Explosion.uasset" 110
"../../../../../GitRepos/Game159RNC/Content/Audio/Explosion02.uasset" 111
"../../../../../GitRepos/Game159RNC/Content/Audio/Explosion01.uasset" 112
"../../../../../GitRepos/Game159RNC/Content/Audio/Explosion_Cue.uasset" 113
"../../../../../GitRepos/Game159RNC/Content/Blueprints/StarterBlueprints/Blueprint_Effect_Explosion.uasset" 114
"../../../../../GitRepos/Game159RNC/Content/Textures/T_Water_N.uasset" 115
"../../../../../GitRepos/Game159RNC/Content/Particles/Materials/M_Heat_Distortion.uasset" 116
"../../../../../GitRepos/Game159RNC/Content/Textures/T_Fire_Tiled_D.uasset" 117
"../../../../../GitRepos/Game159RNC/Content/Textures/T_Fire_SubUV.uasset" 118
"../../../../../GitRepos/Game159RNC/Content/Particles/Materials/M_Fire_SubUV.uasset" 119
"../../../../../GitRepos/Game159RNC/Content/Particles/P_Fire.uasset" 120
"../../../../../GitRepos/Game159RNC/Content/Audio/Fire01.uasset" 121
"../../../../../GitRepos/Game159RNC/Content/Audio/Fire01_Cue.uasset" 122
"../../../../../GitRepos/Game159RNC/Content/Blueprints/StarterBlueprints/Blueprint_Effect_Fire.uasset" 123
"../../../../../GitRepos/Game159RNC/Content/Audio/Smoke01.uasset" 124
"../../../../../GitRepos/Game159RNC/Content/Audio/Smoke01_Cue.uasset" 125
"../../../../../GitRepos/Game159RNC/Content/Particles/P_Smoke.uasset" 126
"../../../../../GitRepos/Game159RNC/Content/Blueprints/StarterBlueprints/Blueprint_Effect_Smoke.uasset" 127
"../../../../../GitRepos/Game159RNC/Content/Particles/P_Sparks.uasset" 128
"../../../../../GitRepos/Game159RNC/Content/Audio/Fire_Sparks01.uasset" 129
"../../../../../GitRepos/Game159RNC/Content/Audio/Fire_Sparks01_Cue.uasset" 130
"../../../../../GitRepos/Game159RNC/Content/Blueprints/StarterBlueprints/Blueprint_Effect_Sparks.uasset" 131
"../../../../../GitRepos/Game159RNC/Content/Audio/Steam01.uasset" 132
"../../../../../GitRepos/Game159RNC/Content/Audio/Steam01_Cue.uasset" 133
"../../../../../GitRepos/Game159RNC/Content/Particles/P_Steam_Lit.uasset" 134
"../../../../../GitRepos/Game159RNC/Content/Blueprints/StarterBlueprints/Blueprint_Effect_Steam.uasset" 135
"../../../../../GitRepos/Game159RNC/Content/Meshes/Props/SM_Lamp_Wall.uasset" 136
"../../../../../GitRepos/Game159RNC/Content/Blueprints/StarterBlueprints/Blueprint_WallSconce.uasset" 137
"../../../../../GitRepos/Game159RNC/Content/Blueprints/StarterBlueprints/Assets/FogBrightnessLUT.uasset" 138
"../../../../../GitRepos/Game159RNC/Content/Blueprints/StarterBlueprints/Assets/M_LightStage_Arrows.uasset" 139
"../../../Engine/Content/MapTemplates/Sky/DaylightAmbientCubemap.uasset" 140
"../../../../../GitRepos/Game159RNC/Content/Blueprints/StarterBlueprints/Assets/M_LightStage_Skybox_Master.uasset" 141
"../../../../../GitRepos/Game159RNC/Content/Blueprints/StarterBlueprints/Assets/M_LightStage_Skybox_Black.uasset" 142
"../../../../../GitRepos/Game159RNC/Content/Blueprints/StarterBlueprints/Assets/M_LightStage_Skybox_HDRI.uasset" 143
"../../../Engine/Content/EditorMaterials/Thumbnails/SkySphereMaterial.uasset" 144
"../../../../../GitRepos/Game159RNC/Content/Blueprints/StarterBlueprints/Assets/Skybox.uasset" 145
"../../../Engine/Content/EngineMaterials/WorldGridMaterial.uasset" 146
"../../../../../GitRepos/Game159RNC/Content/Blueprints/StarterBlueprints/Assets/SM_Arrows.uasset" 147
"../../../../../GitRepos/Game159RNC/Content/Blueprints/StarterBlueprints/Assets/SunlightColorLUT.uasset" 148
"../../../../../GitRepos/Game159RNC/Content/Textures/T_MacroVariation.uasset" 149
"../../../../../GitRepos/Game159RNC/Content/Textures/T_Brick_Clay_Beveled_N.uasset" 150
"../../../../../GitRepos/Game159RNC/Content/Textures/T_Brick_Clay_Beveled_M.uasset" 151
"../../../../../GitRepos/Game159RNC/Content/Textures/T_Brick_Clay_Beveled_D.uasset" 152
"../../../../../GitRepos/Game159RNC/Content/Materials/M_Brick_Clay_Beveled.uasset" 153
"../../../../../GitRepos/Game159RNC/Content/Textures/T_Detail_Rocky_N.uasset" 154
"../../../../../GitRepos/Game159RNC/Content/Textures/T_Brick_Clay_New_N.uasset" 155
"../../../../../GitRepos/Game159RNC/Content/Textures/T_Brick_Clay_New_M.uasset" 156
"../../../../../GitRepos/Game159RNC/Content/Textures/T_Brick_Clay_New_D.uasset" 157
"../../../../../GitRepos/Game159RNC/Content/Materials/M_Brick_Clay_New.uasset" 158
"../../../../../GitRepos/Game159RNC/Content/Textures/T_Perlin_Noise_M.uasset" 159
"../../../../../GitRepos/Game159RNC/Content/Textures/T_Brick_Clay_Old_N.uasset" 160
"../../../../../GitRepos/Game159RNC/Content/Textures/T_Brick_Clay_Old_D.uasset" 161
"../../../../../GitRepos/Game159RNC/Content/Materials/M_Brick_Clay_Old.uasset" 162
"../../../../../GitRepos/Game159RNC/Content/Textures/T_Brick_Cut_Stone_N.uasset" 163
"../../../../../GitRepos/Game159RNC/Content/Textures/T_Brick_Cut_Stone_D.uasset" 164
"../../../../../GitRepos/Game159RNC/Content/Materials/M_Brick_Cut_Stone.uasset" 165
"../../../../../GitRepos/Game159RNC/Content/Textures/T_Brick_Hewn_Stone_N.uasset" 166
"../../../../../GitRepos/Game159RNC/Content/Textures/T_Brick_Hewn_Stone_M.uasset" 167
"../../../../../GitRepos/Game159RNC/Content/Textures/T_Brick_Hewn_Stone_D.uasset" 168
"../../../../../GitRepos/Game159RNC/Content/Materials/M_Brick_Hewn_Stone.uasset" 169
"../../../../../GitRepos/Game159RNC/Content/Textures/T_Rock_Marble_Polished_D.uasset" 170
"../../../../../GitRepos/Game159RNC/Content/Textures/T_Ceramic_Tile_N.uasset" 171
"../../../../../GitRepos/Game159RNC/Content/Textures/T_Ceramic_Tile_M.uasset" 172
"../../../../../GitRepos/Game159RNC/Content/Materials/M_Ceramic_Tile_Checker.uasset" 173
"../../../../../GitRepos/Game159RNC/Content/Textures/T_CobbleStone_Pebble_N.uasset" 174
"../../../../../GitRepos/Game159RNC/Content/Textures/T_CobbleStone_Pebble_M.uasset" 175
"../../../../../GitRepos/Game159RNC/Content/Textures/T_CobbleStone_Pebble_D.uasset" 176
"../../../../../GitRepos/Game159RNC/Content/Materials/M_CobbleStone_Pebble.uasset" 177
"../../../../../GitRepos/Game159RNC/Content/Textures/T_Rock_Smooth_Granite_D.uasset" 178
"../../../../../GitRepos/Game159RNC/Content/Textures/T_Gradinet_01.uasset" 179
"../../../../../GitRepos/Game159RNC/Content/Textures/T_CobbleStone_Rough_N.uasset" 180
"../../../../../GitRepos/Game159RNC/Content/Textures/T_CobbleStone_Rough_D.uasset" 181
"../../../../../GitRepos/Game159RNC/Content/Materials/M_CobbleStone_Rough.uasset" 182
"../../../../../GitRepos/Game159RNC/Content/Textures/T_CobbleStone_Smooth_N.uasset" 183
"../../../../../GitRepos/Game159RNC/Content/Textures/T_CobbleStone_Smooth_M.uasset" 184
"../../../../../GitRepos/Game159RNC/Content/Textures/T_CobbleStone_Smooth_D.uasset" 185
"../../../../../GitRepos/Game159RNC/Content/Materials/M_CobbleStone_Smooth.uasset" 186
"../../../Engine/Content/EditorMeshes/ColorCalibrator/T_ColorGrid.uasset" 187
"../../../../../GitRepos/Game159RNC/Content/Materials/M_ColorGrid_LowSpec.uasset" 188
"../../../../../GitRepos/Game159RNC/Content/Textures/T_Metal_Rust_N.uasset" 189
"../../../../../GitRepos/Game159RNC/Content/Textures/T_Concrete_Grime_D.uasset" 190
"../../../../../GitRepos/Game159RNC/Content/Materials/M_Concrete_Grime.uasset" 191
"../../../../../GitRepos/Game159RNC/Content/Textures/T_Concrete_Panels_N.uasset" 192
"../../../../../GitRepos/Game159RNC/Content/Textures/T_Concrete_Panels_D.uasset" 193
"../../../../../GitRepos/Game159RNC/Content/Materials/M_Concrete_Panels.uasset" 194
"../../../../../GitRepos/Game159RNC/Content/Textures/T_Concrete_Poured_N.uasset" 195
"../../../../../GitRepos/Game159RNC/Content/Textures/T_Concrete_Poured_D.uasset" 196
"../../../../../GitRepos/Game159RNC/Content/Materials/M_Concrete_Poured.uasset" 197
"../../../../../GitRepos/Game159RNC/Content/Textures/T_Concrete_Tiles_Variation_M.uasset" 198
"../../../../../GitRepos/Game159RNC/Content/Textures/T_Concrete_Tiles_N.uasset" 199
"../../../../../GitRepos/Game159RNC/Content/Textures/T_Concrete_Tiles_M.uasset" 200
"../../../../../GitRepos/Game159RNC/Content/Textures/T_Concrete_Tiles_D.uasset" 201
"../../../../../GitRepos/Game159RNC/Content/Materials/M_Concrete_Tiles.uasset" 202
"../../../../../GitRepos/Game159RNC/Content/Textures/T_Ground_Grass_N.uasset" 203
"../../../../../GitRepos/Game159RNC/Content/Textures/T_Ground_Grass_D.uasset" 204
"../../../../../GitRepos/Game159RNC/Content/Materials/M_Ground_Grass.uasset" 205
"../../../../../GitRepos/Game159RNC/Content/Textures/T_Ground_Gravel_N.uasset" 206
"../../../../../GitRepos/Game159RNC/Content/Textures/T_Ground_Gravel_D.uasset" 207
"../../../../../GitRepos/Game159RNC/Content/Materials/M_Ground_Gravel.uasset" 208
"../../../../../GitRepos/Game159RNC/Content/Textures/T_Ground_Moss_N.uasset" 209
"../../../../../GitRepos/Game159RNC/Content/Textures/T_ground_Moss_D.uasset" 210
"../../../../../GitRepos/Game159RNC/Content/Materials/M_Ground_Moss.uasset" 211
"../../../../../GitRepos/Game159RNC/Content/Materials/M_Metal_Brushed_Nickel.uasset" 212
"../../../../../GitRepos/Game159RNC/Content/Textures/T_Metal_Gold_N.uasset" 213
"../../../../../GitRepos/Game159RNC/Content/Textures/T_Metal_Aluminum_D.uasset" 214
"../../../../../GitRepos/Game159RNC/Content/Materials/M_Metal_Burnished_Steel.uasset" 215
"../../../../../GitRepos/Game159RNC/Content/Materials/M_Metal_Chrome.uasset" 216
"../../../../../GitRepos/Game159RNC/Content/Textures/T_Metal_Copper_D.uasset" 217
"../../../../../GitRepos/Game159RNC/Content/Materials/M_Metal_Copper.uasset" 218
"../../../../../GitRepos/Game159RNC/Content/Textures/T_Metal_Gold_D.uasset" 219
"../../../../../GitRepos/Game159RNC/Content/Materials/M_Metal_Gold.uasset" 220
"../../../../../GitRepos/Game159RNC/Content/Textures/T_Metal_Rust_D.uasset" 221
"../../../../../GitRepos/Game159RNC/Content/Materials/M_Metal_Rust.uasset" 222
"../../../../../GitRepos/Game159RNC/Content/Textures/T_Metal_Steel_N.uasset" 223
"../../../../../GitRepos/Game159RNC/Content/Textures/T_Metal_Steel_D.uasset" 224
"../../../../../GitRepos/Game159RNC/Content/Materials/M_Metal_Steel.uasset" 225
"../../../../../GitRepos/Game159RNC/Content/Textures/T_Rock_Basalt_N.uasset" 226
"../../../../../GitRepos/Game159RNC/Content/Textures/T_Rock_Basalt_D.uasset" 227
"../../../../../GitRepos/Game159RNC/Content/Materials/M_Rock_Basalt.uasset" 228
"../../../../../GitRepos/Game159RNC/Content/Materials/M_Rock_Marble_Polished.uasset" 229
"../../../../../GitRepos/Game159RNC/Content/Textures/T_Rock_Sandstone_N.uasset" 230
"../../../../../GitRepos/Game159RNC/Content/Textures/T_Rock_Sandstone_D.uasset" 231
"../../../../../GitRepos/Game159RNC/Content/Materials/M_Rock_Sandstone.uasset" 232
"../../../../../GitRepos/Game159RNC/Content/Textures/T_Rock_Slate_N.uasset" 233
"../../../../../GitRepos/Game159RNC/Content/Textures/T_Rock_Slate_D.uasset" 234
"../../../../../GitRepos/Game159RNC/Content/Materials/M_Rock_Slate.uasset" 235
"../../../../../GitRepos/Game159RNC/Content/Textures/T_Tech_Dot_N.uasset" 236
"../../../../../GitRepos/Game159RNC/Content/Textures/T_Tech_Dot_M.uasset" 237
"../../../../../GitRepos/Game159RNC/Content/Textures/T_Single_Tile_N.uasset" 238
"../../../../../GitRepos/Game159RNC/Content/Textures/T_Checker_Noise_M.uasset" 239
"../../../../../GitRepos/Game159RNC/Content/Materials/M_Tech_Checker_Dot.uasset" 240
"../../../../../GitRepos/Game159RNC/Content/Textures/T_Tech_Hex_Tile_N.uasset" 241
"../../../../../GitRepos/Game159RNC/Content/Textures/T_Tech_Hex_Tile_M.uasset" 242
"../../../../../GitRepos/Game159RNC/Content/Materials/M_Tech_Hex_Tile.uasset" 243
"../../../../../GitRepos/Game159RNC/Content/Materials/M_Tech_Hex_Tile_Pulse.uasset" 244
"../../../../../GitRepos/Game159RNC/Content/Textures/T_Tech_Panel_N.uasset" 245
"../../../../../GitRepos/Game159RNC/Content/Textures/T_Tech_Panel_M.uasset" 246
"../../../../../GitRepos/Game159RNC/Content/Materials/M_Tech_Panel.uasset" 247
"../../../../../GitRepos/Game159RNC/Content/Materials/M_Water_Lake.uasset" 248
"../../../../../GitRepos/Game159RNC/Content/Textures/T_Water_M.uasset" 249
"../../../../../GitRepos/Game159RNC/Content/Materials/M_Water_Ocean.uasset" 250
"../../../../../GitRepos/Game159RNC/Content/Textures/T_Wood_Floor_Walnut_N.uasset" 251
"../../../../../GitRepos/Game159RNC/Content/Textures/T_Wood_Floor_Walnut_M.uasset" 252
"../../../../../GitRepos/Game159RNC/Content/Textures/T_Wood_Floor_Walnut_D.uasset" 253
"../../../../../GitRepos/Game159RNC/Content/Materials/M_Wood_Floor_Walnut_Polished.uasset" 254
"../../../Engine/Content/Functions/Engine_MaterialFunctions01/Opacity/AlphaOffset.uasset" 255
"../../../../../GitRepos/Game159RNC/Content/Materials/M_Wood_Floor_Walnut_Worn.uasset" 256
"../../../../../GitRepos/Game159RNC/Content/Textures/T_Wood_Oak_N.uasset" 257
"../../../../../GitRepos/Game159RNC/Content/Textures/T_Wood_Oak_D.uasset" 258
"../../../../../GitRepos/Game159RNC/Content/Materials/M_Wood_Oak.uasset" 259
"../../../../../GitRepos/Game159RNC/Content/Textures/T_Wood_Pine_N.uasset" 260
"../../../../../GitRepos/Game159RNC/Content/Textures/T_Wood_Pine_D.uasset" 261
"../../../../../GitRepos/Game159RNC/Content/Materials/M_Wood_Pine.uasset" 262
"../../../../../GitRepos/Game159RNC/Content/Textures/T_Wood_Walnut_N.uasset" 263
"../../../../../GitRepos/Game159RNC/Content/Textures/T_Wood_Walnut_D.uasset" 264
"../../../../../GitRepos/Game159RNC/Content/Materials/M_Wood_Walnut.uasset" 265
"../../../../../GitRepos/Game159RNC/Content/Materials/CubeMaterial.uasset" 266
"../../../../../GitRepos/Game159RNC/Content/Meshes/1M_Cube.uasset" 267
"../../../../../GitRepos/Game159RNC/Content/Meshes/1M_Cube_Chamfer.uasset" 268
"../../../../../GitRepos/Game159RNC/Content/Materials/M_Basic_Floor.uasset" 269
"../../../../../GitRepos/Game159RNC/Content/Meshes/Floor_400x400.uasset" 270
"../../../../../GitRepos/Game159RNC/Content/Materials/M_Basic_Wall.uasset" 271
"../../../../../GitRepos/Game159RNC/Content/Meshes/Pillar_50x500.uasset" 272
"../../../../../GitRepos/Game159RNC/Content/Meshes/Shape_Cone.uasset" 273
"../../../../../GitRepos/Game159RNC/Content/Meshes/Shape_Cube.uasset" 274
"../../../../../GitRepos/Game159RNC/Content/Meshes/Shape_Cylinder.uasset" 275
"../../../../../GitRepos/Game159RNC/Content/Meshes/Shape_NarrowCapsule.uasset" 276
"../../../../../GitRepos/Game159RNC/Content/Meshes/Shape_Pipe.uasset" 277
"../../../../../GitRepos/Game159RNC/Content/Meshes/Shape_Pipe_180.uasset" 278
"../../../../../GitRepos/Game159RNC/Content/Meshes/Shape_Pipe_90.uasset" 279
"../../../../../GitRepos/Game159RNC/Content/Meshes/Shape_Plane.uasset" 280
"../../../../../GitRepos/Game159RNC/Content/Meshes/Shape_QuadPyramid.uasset" 281
"../../../../../GitRepos/Game159RNC/Content/Meshes/Shape_Torus.uasset" 282
"../../../../../GitRepos/Game159RNC/Content/Meshes/Shape_Trim.uasset" 283
"../../../../../GitRepos/Game159RNC/Content/Meshes/Shape_Trim_90_In.uasset" 284
"../../../../../GitRepos/Game159RNC/Content/Meshes/Shape_Trim_90_Out.uasset" 285
"../../../../../GitRepos/Game159RNC/Content/Meshes/Shape_TriPyramid.uasset" 286
"../../../../../GitRepos/Game159RNC/Content/Meshes/Shape_Tube.uasset" 287
"../../../../../GitRepos/Game159RNC/Content/Meshes/Shape_Wedge_A.uasset" 288
"../../../../../GitRepos/Game159RNC/Content/Meshes/Shape_Wedge_B.uasset" 289
"../../../../../GitRepos/Game159RNC/Content/Meshes/Shape_WideCapsule.uasset" 290
"../../../../../GitRepos/Game159RNC/Content/Materials/M_AssetPlatform.uasset" 291
"../../../../../GitRepos/Game159RNC/Content/Meshes/SM_AssetPlatform.uasset" 292
"../../../../../GitRepos/Game159RNC/Content/Meshes/TemplateFloor.uasset" 293
"../../../../../GitRepos/Game159RNC/Content/Meshes/Wall_400x200.uasset" 294
"../../../../../GitRepos/Game159RNC/Content/Meshes/Wall_400x300.uasset" 295
"../../../../../GitRepos/Game159RNC/Content/Meshes/Wall_400x400.uasset" 296
"../../../../../GitRepos/Game159RNC/Content/Meshes/Wall_500x500.uasset" 297
"../../../../../GitRepos/Game159RNC/Content/Meshes/Wall_Door_400x300.uasset" 298
"../../../../../GitRepos/Game159RNC/Content/Meshes/Wall_Door_400x400.uasset" 299
"../../../../../GitRepos/Game159RNC/Content/Meshes/Wall_Window_400x300.uasset" 300
"../../../../../GitRepos/Game159RNC/Content/Meshes/Wall_Window_400x400.uasset" 301
"../../../../../GitRepos/Game159RNC/Content/Meshes/Props/MaterialSphere.uasset" 302
"../../../../../GitRepos/Game159RNC/Content/Textures/T_Bush_N.uasset" 303
"../../../../../GitRepos/Game159RNC/Content/Textures/T_Bush_D.uasset" 304
"../../../../../GitRepos/Game159RNC/Content/Meshes/Props/Materials/M_Bush.uasset" 305
"../../../../../GitRepos/Game159RNC/Content/Meshes/Props/SM_Bush.uasset" 306
"../../../../../GitRepos/Game159RNC/Content/Textures/T_Chair_N.uasset" 307
"../../../../../GitRepos/Game159RNC/Content/Textures/T_Chair_M.uasset" 308
"../../../../../GitRepos/Game159RNC/Content/Meshes/Props/Materials/M_Chair.uasset" 309
"../../../../../GitRepos/Game159RNC/Content/Meshes/Props/SM_Chair.uasset" 310
"../../../../../GitRepos/Game159RNC/Content/Textures/T_Frame_N.uasset" 311
"../../../../../GitRepos/Game159RNC/Content/Textures/T_Frame_M.uasset" 312
"../../../../../GitRepos/Game159RNC/Content/Meshes/Props/Materials/M_Frame.uasset" 313
"../../../../../GitRepos/Game159RNC/Content/Meshes/Props/SM_CornerFrame.uasset" 314
"../../../../../GitRepos/Game159RNC/Content/Meshes/Props/SM_Couch.uasset" 315
"../../../../../GitRepos/Game159RNC/Content/Textures/T_Door_N.uasset" 316
"../../../../../GitRepos/Game159RNC/Content/Textures/T_Door_M.uasset" 317
"../../../../../GitRepos/Game159RNC/Content/Meshes/Props/Materials/M_Door.uasset" 318
"../../../../../GitRepos/Game159RNC/Content/Materials/M_Glass.uasset" 319
"../../../../../GitRepos/Game159RNC/Content/Meshes/Props/SM_Door.uasset" 320
"../../../../../GitRepos/Game159RNC/Content/Meshes/Props/SM_DoorFrame.uasset" 321
"../../../../../GitRepos/Game159RNC/Content/Meshes/Props/SM_GlassWindow.uasset" 322
"../../../../../GitRepos/Game159RNC/Content/Meshes/Props/Materials/M_MaterialSphere_Plain.uasset" 323
"../../../../../GitRepos/Game159RNC/Content/Meshes/Props/Materials/M_MaterialSphere.uasset" 324
"../../../../../GitRepos/Game159RNC/Content/Meshes/Props/SM_MatPreviewMesh_02.uasset" 325
"../../../../../GitRepos/Game159RNC/Content/Meshes/Props/SM_PillarFrame.uasset" 326
"../../../../../GitRepos/Game159RNC/Content/Meshes/Props/SM_PillarFrame300.uasset" 327
"../../../../../GitRepos/Game159RNC/Content/Textures/T_RockMesh_N.uasset" 328
"../../../../../GitRepos/Game159RNC/Content/Textures/T_RockMesh_M.uasset" 329
"../../../../../GitRepos/Game159RNC/Content/Meshes/Props/Materials/M_Rock.uasset" 330
"../../../../../GitRepos/Game159RNC/Content/Meshes/Props/SM_Rock.uasset" 331
"../../../../../GitRepos/Game159RNC/Content/Textures/T_Shelf_N.uasset" 332
"../../../../../GitRepos/Game159RNC/Content/Textures/T_Shelf_M.uasset" 333
"../../../../../GitRepos/Game159RNC/Content/Meshes/Props/Materials/M_Shelf.uasset" 334
"../../../../../GitRepos/Game159RNC/Content/Meshes/Props/SM_Shelf.uasset" 335
"../../../../../GitRepos/Game159RNC/Content/Meshes/Props/SM_Stairs.uasset" 336
"../../../../../GitRepos/Game159RNC/Content/Textures/T_Statue_N.uasset" 337
"../../../../../GitRepos/Game159RNC/Content/Textures/T_Statue_M.uasset" 338
"../../../../../GitRepos/Game159RNC/Content/Meshes/Props/Materials/M_StatueGlass.uasset" 339
"../../../../../GitRepos/Game159RNC/Content/Meshes/Props/Materials/M_Statue.uasset" 340
"../../../../../GitRepos/Game159RNC/Content/Meshes/Props/SM_Statue.uasset" 341
"../../../../../GitRepos/Game159RNC/Content/Textures/T_TableRound_N.uasset" 342
"../../../../../GitRepos/Game159RNC/Content/Textures/T_TableRound_M.uasset" 343
"../../../../../GitRepos/Game159RNC/Content/Meshes/Props/Materials/M_TableRound.uasset" 344
"../../../../../GitRepos/Game159RNC/Content/Meshes/Props/SM_TableRound.uasset" 345
"../../../../../GitRepos/Game159RNC/Content/Meshes/Props/SM_WindowFrame.uasset" 346
"../../../../../GitRepos/Game159RNC/Content/Textures/T_Dust_Particle_D.uasset" 347
"../../../../../GitRepos/Game159RNC/Content/Particles/Materials/M_Dust_Particle.uasset" 348
"../../../../../GitRepos/Game159RNC/Content/Particles/P_Ambient_Dust.uasset" 349
"../../../Engine/Content/Animation/DefaultAnimBoneCompressionSettings.uasset" 350
"../../../Engine/Content/Animation/DefaultAnimCurveCompressionSettings.uasset" 351
"../../../Engine/Content/ArtTools/RenderToTexture/Meshes/S_1_Unit_Plane.uasset" 352
"../../../Engine/Content/BasicShapes/Cone.uasset" 353
"../../../Engine/Content/EditorLandscapeResources/DataLayer.uasset" 354
"../../../Engine/Content/EditorLandscapeResources/DefaultAlphaTexture.uasset" 355
"../../../Engine/Content/EditorMaterials/MAT_Groups_Toggle.uasset" 356
"../../../Engine/Content/EditorMaterials/MAT_Groups_Visibility.uasset" 357
"../../../Engine/Content/EditorMaterials/PreviewShadowIndicator.uasset" 358
"../../../Engine/Content/EditorMaterials/PreviewShadowIndicatorMaterial.uasset" 359
"../../../Engine/Content/EditorMaterials/MatineeGroups/MAT_ColorTrack.uasset" 360
"../../../Engine/Content/EditorMaterials/MatineeGroups/MAT_Groups_Anim.uasset" 361
"../../../Engine/Content/EditorMaterials/MatineeGroups/MAT_Groups_AudioMaster.uasset" 362
"../../../Engine/Content/EditorMaterials/MatineeGroups/MAT_Groups_Director.uasset" 363
"../../../Engine/Content/EditorMaterials/MatineeGroups/MAT_Groups_Event.uasset" 364
"../../../Engine/Content/EditorMaterials/MatineeGroups/MAT_Groups_Fade.uasset" 365
"../../../Engine/Content/EditorMaterials/MatineeGroups/MAT_Groups_Float.uasset" 366
"../../../Engine/Content/EditorMaterials/MatineeGroups/MAT_Groups_Move.uasset" 367
"../../../Engine/Content/EditorMaterials/MatineeGroups/MAT_Groups_Slomo.uasset" 368
"../../../Engine/Content/EditorMaterials/MatineeGroups/MAT_Groups_Sound.uasset" 369
"../../../Engine/Content/EditorMaterials/MatineeGroups/MAT_Groups_Vector.uasset" 370
"../../../Engine/Content/EditorMaterials/ParticleSystems/PSysThumbnail_NoImage.uasset" 371
"../../../Engine/Content/EditorMaterials/ParticleSystems/PSysThumbnail_OOD.uasset" 372
"../../../Engine/Content/EditorMaterials/Camera/CineMat.uasset" 373
"../../../Engine/Content/EditorMaterials/Camera/MI_CineMat_Rig.uasset" 374
"../../../Engine/Content/EditorMeshes/Camera/SM_CraneRig_Arm.uasset" 375
"../../../Engine/Content/EditorMeshes/Camera/SM_CraneRig_Base.uasset" 376
"../../../Engine/Content/EditorMeshes/Camera/SM_CraneRig_Body.uasset" 377
"../../../Engine/Content/EditorMeshes/Camera/SM_CraneRig_Mount.uasset" 378
"../../../Engine/Content/EditorMeshes/Camera/SM_RailRig_Mount.uasset" 379
"../../../Engine/Content/EditorMeshes/Camera/SM_RailRig_Track.uasset" 380
"../../../Engine/Content/EditorResources/BSPVertex.uasset" 381
"../../../Engine/Content/EditorResources/EmptyActor.uasset" 382
"../../../Engine/Content/EditorResources/S_Actor.uasset" 383
"../../../Engine/Content/EditorResources/S_Note.uasset" 384
"../../../Engine/Content/EditorResources/S_Solver.uasset" 385
"../../../Engine/Content/EditorResources/S_Terrain.uasset" 386
"../../../Engine/Content/EditorResources/S_Trigger.uasset" 387
"../../../Engine/Content/EditorResources/LightIcons/S_LightError.uasset" 388
"../../../Engine/Content/EditorResources/SequenceRecorder/Countdown.uasset" 389
"../../../Engine/Content/EditorResources/SequenceRecorder/RecordingIndicator.uasset" 390
"../../../Engine/Content/EngineDamageTypes/DmgTypeBP_Environmental.uasset" 391
"../../../Engine/Content/EngineDebugMaterials/DebugEditorMaterial.uasset" 392
"../../../Engine/Content/EngineDebugMaterials/DebugMeshMaterial.uasset" 393
"../../../Engine/Content/EngineDebugMaterials/M_SimpleUnlitTranslucent.uasset" 394
"../../../Engine/Content/EngineDebugMaterials/VolumeToRender.uasset" 395
"../../../Engine/Content/Functions/Engine_MaterialFunctions02/Utility/CameraDirectionVector.uasset" 396
"../../../Engine/Content/EngineDebugMaterials/M_VolumeRenderSphereTracePP.uasset" 397
"../../../Engine/Content/Functions/Engine_MaterialFunctions01/Shading/ConvertFromDiffSpec.uasset" 398
"../../../Engine/Content/EngineDebugMaterials/VertexColorMaterial.uasset" 399
"../../../Engine/Content/EngineDebugMaterials/WireframeMaterial.uasset" 400
"../../../Engine/Content/EngineFonts/Faces/RobotoRegular.uasset" 401
"../../../Engine/Content/EngineFonts/Faces/RobotoLight.uasset" 402
"../../../Engine/Content/EngineFonts/Faces/RobotoItalic.uasset" 403
"../../../Engine/Content/EngineFonts/Faces/RobotoBoldItalic.uasset" 404
"../../../Engine/Content/EngineFonts/Faces/RobotoBold.uasset" 405
"../../../Engine/Content/EngineFonts/Faces/DroidSansFallback.uasset" 406
"../../../Engine/Content/EngineFonts/Roboto.uasset" 407
"../../../Engine/Content/EngineMaterials/BaseFlattenNormalMap.uasset" 408
"../../../Engine/Content/EngineMaterials/BaseFlattenGrayscaleMap.uasset" 409
"../../../Engine/Content/EngineMaterials/BaseFlattenEmissiveMap.uasset" 410
"../../../Engine/Content/EngineMaterials/BaseFlattenDiffuseMap.uasset" 411
"../../../Engine/Content/EngineMaterials/BaseFlattenMaterial.uasset" 412
"../../../Engine/Content/EngineMaterials/BlueNoise.uasset" 413
"../../../Engine/Content/EngineMaterials/DefaultBloomKernel.uasset" 414
"../../../Engine/Content/EngineMaterials/DefaultBokeh.uasset" 415
"../../../Engine/Content/EngineMaterials/DefaultDiffuse.uasset" 416
"../../../Engine/Content/EngineMaterials/DefaultDeferredDecalMaterial.uasset" 417
"../../../Engine/Content/EngineMaterials/DefaultLightFunctionMaterial.uasset" 418
"../../../Engine/Content/EngineMaterials/DefaultPhysicalMaterial.uasset" 419
"../../../Engine/Content/Functions/Engine_MaterialFunctions02/Utility/BreakOutFloat2Components.uasset" 420
"../../../Engine/Content/EngineMaterials/DefaultPostProcessMaterial.uasset" 421
"../../../Engine/Content/EngineFonts/RobotoDistanceField.uasset" 422
"../../../Engine/Content/EngineMaterials/DefaultTextMaterialOpaque.uasset" 423
"../../../Engine/Content/EngineMaterials/DefaultWhiteGrid.uasset" 424
"../../../Engine/Content/EngineMaterials/DefaultWhiteGrid_Low.uasset" 425
"../../../Engine/Content/EngineMaterials/EmissiveMeshMaterial.uasset" 426
"../../../Engine/Content/EngineMaterials/GizmoMaterial.uasset" 427
"../../../Engine/Content/EngineMaterials/Good64x64TilingNoiseHighFreq.uasset" 428
"../../../Engine/Content/EngineMaterials/MiniFont.uasset" 429
"../../../Engine/Content/EngineMaterials/InvalidLightmapSettings.uasset" 430
"../../../Engine/Content/EngineMaterials/M_InvalidLightmapSettings.uasset" 431
"../../../Engine/Content/Functions/Engine_MaterialFunctions02/WorldPositionOffset/CameraOffset.uasset" 432
"../../../Engine/Content/EngineMaterials/PhAT_JointLimitMaterial.uasset" 433
"../../../Engine/Content/EngineMaterials/PreintegratedSkinBRDF.uasset" 434
"../../../Engine/Content/EngineMaterials/RemoveSurfaceMaterial.uasset" 435
"../../../Engine/Content/EngineMaterials/WeightMapPlaceholderTexture.uasset" 436
"../../../Engine/Content/EngineResources/WhiteSquareTexture.uasset" 437
"../../../Engine/Content/EngineMaterials/Widget3DPassThrough.uasset" 438
"../../../Engine/Content/EngineMaterials/Widget3DPassThrough_Masked.uasset" 439
"../../../Engine/Content/EngineMaterials/Widget3DPassThrough_Opaque.uasset" 440
"../../../Engine/Content/EngineMaterials/Widget3DPassThrough_Masked_OneSided.uasset" 441
"../../../Engine/Content/EngineMaterials/Widget3DPassThrough_Opaque_OneSided.uasset" 442
"../../../Engine/Content/EngineMaterials/Widget3DPassThrough_Translucent.uasset" 443
"../../../Engine/Content/EngineMaterials/Widget3DPassThrough_Translucent_OneSided.uasset" 444
"../../../Engine/Content/EngineMeshes/Cube.uasset" 445
"../../../Engine/Content/EngineMeshes/Cylinder.uasset" 446
"../../../Engine/Content/EngineMeshes/Sphere.uasset" 447
"../../../Engine/Content/EngineResources/Black.uasset" 448
"../../../Engine/Content/EngineResources/DefaultTextureCube.uasset" 449
"../../../Engine/Content/EngineResources/DefaultVolumeTexture2D.uasset" 450
"../../../Engine/Content/EngineResources/DefaultVolumeTexture.uasset" 451
"../../../Engine/Content/EngineResources/GradientTexture0.uasset" 452
"../../../Engine/Content/EngineSky/VolumetricClouds/T_NoiseShape64.uasset" 453
"../../../Engine/Content/EngineSky/VolumetricClouds/T_VolumeNoiseShape64.uasset" 454
"../../../Engine/Content/EngineSky/VolumetricClouds/T_NoiseErosion.uasset" 455
"../../../Engine/Content/EngineSky/VolumetricClouds/T_VolumeNoiseErosion32.uasset" 456
"../../../Engine/Content/Functions/Engine_MaterialFunctions02/Utility/MakeFloat2.uasset" 457
"../../../Engine/Content/EngineSky/VolumetricClouds/CloudWeatherTexture.uasset" 458
"../../../Engine/Content/EngineSky/VolumetricClouds/CloudGradientTexture.uasset" 459
"../../../Engine/Content/EngineSky/VolumetricClouds/m_SimpleVolumetricCloud.uasset" 460
"../../../Engine/Content/EngineSky/VolumetricClouds/m_SimpleVolumetricCloud_Inst.uasset" 461
"../../../Engine/Content/EngineSounds/Master.uasset" 462
"../../../Engine/Content/Functions/Engine_MaterialFunctions01/Shading/PowerToRoughness.uasset" 463
"../../../Engine/Content/Maps/Templates/Thumbnails/Default.uasset" 464
"../../../Engine/Content/Maps/Templates/Thumbnails/TimeOfDay.uasset" 465
"../../../Engine/Content/Maps/Templates/Thumbnails/VR-Basic.uasset" 466
"../../../Engine/Content/MobileResources/T_MobileControls_texture.uasset" 467
"../../../Engine/Content/MobileResources/T_MobileMenu2.uasset" 468
"../../../Engine/Content/MobileResources/HUD/AnalogHat.uasset" 469
"../../../Engine/Content/MobileResources/HUD/VirtualJoystick_Thumb.uasset" 470
"../../../Engine/Content/MobileResources/HUD/VirtualJoystick_Background.uasset" 471
"../../../Engine/Content/MobileResources/HUD/DefaultVirtualJoysticks.uasset" 472
"../../../Engine/Content/MobileResources/HUD/LeftVirtualJoystickOnly.uasset" 473
"../../../Engine/Content/MobileResources/HUD/MobileHUDButton1_off.uasset" 474
"../../../Engine/Content/MobileResources/HUD/MobileHUDButton1_on.uasset" 475
"../../../Engine/Content/MobileResources/HUD/MobileHUDButton2_off.uasset" 476
"../../../Engine/Content/MobileResources/HUD/MobileHUDButton2_on.uasset" 477
"../../../Engine/Content/MobileResources/HUD/MobileHUDButton3.uasset" 478
"../../../Engine/Content/MobileResources/HUD/MobileHUDButtonFire.uasset" 479
"../../../Engine/Content/MobileResources/HUD/MobileHUDDirectionPad.uasset" 480
"../../../Engine/Content/MobileResources/HUD/MobileHUDDirectionPad2.uasset" 481
"../../../Engine/Content/MobileResources/HUD/MobileHUDDirectionPad3.uasset" 482
"../../../Engine/Content/MobileResources/HUD/MobileHUDDirectionStick.uasset" 483
"../../../Engine/Content/MobileResources/HUD/T_Castle_ThumbstickInner.uasset" 484
"../../../Engine/Content/MobileResources/HUD/T_Castle_ThumbstickOutter.uasset" 485
"../../../Engine/Content/Tutorial/ContentIntroCurve.uasset" 486
"../../../Engine/Content/Tutorial/Basics/LevelEditorAttract.uasset" 487
"../../../Engine/Content/Tutorial/Basics/TutorialAssets/icon_tab_Levels_40x.uasset" 488
"../../../Engine/Content/Tutorial/Basics/LevelEditorOverview.uasset" 489
"../../../Engine/Content/Tutorial/BlueprintTutorials/TutorialAssets/BlueprintInterface_64x.uasset" 490
"../../../Engine/Content/Tutorial/BlueprintTutorials/BlueprintInterfacesEditorOverview.uasset" 491
"../../../Engine/Content/Tutorial/BlueprintTutorials/TutorialAssets/Blueprint_64x.uasset" 492
"../../../Engine/Content/Tutorial/BlueprintTutorials/LevelBlueprintEditorOverview.uasset" 493
"../../../Engine/Content/Tutorial/BlueprintTutorials/TutorialAssets/Tutorial_BP_Interface.uasset" 494
"../../../Engine/Content/Tutorial/SubEditors/StaticMeshEditorTutorial.uasset" 495
"../../../Engine/Content/VREditor/TransformGizmo/TranslucentTransformGizmoMaterial.uasset" 496
"../../../Engine/Content/VREditor/LaserPointer/VR_LaserPower_01.uasset" 497
"../../../Engine/Content/VREditor/TransformGizmo/TransformGizmoMaterial.uasset" 498
"../../../Engine/Content/VREditor/TransformGizmo/BoundingBoxCorner.uasset" 499
"../../../Engine/Content/VREditor/TransformGizmo/BoundingBoxEdge.uasset" 500
"../../../Engine/Content/VREditor/TransformGizmo/PlaneTranslationHandle.uasset" 501
"../../../Engine/Content/VREditor/TransformGizmo/Xray.uasset" 502
"../../../Engine/Content/VREditor/TransformGizmo/Main.uasset" 503
"../../../Engine/Content/VREditor/TransformGizmo/SM_Sequencer_Key.uasset" 504
"../../../Engine/Content/VREditor/TransformGizmo/SM_Sequencer_Node.uasset" 505
"../../Plugins/2D/Paper2D/Content/PlaceholderTextures/DummySpriteTexture.uasset" 506
"../../Plugins/2D/Paper2D/Content/DummySprite.uasset" 507
"../../Plugins/2D/Paper2D/Content/DefaultPaperTerrainMaterial.uasset" 508
"../../Plugins/2D/Paper2D/Content/DefaultSpriteMaterial.uasset" 509
"../../Plugins/2D/Paper2D/Content/MaskedUnlitSpriteMaterial.uasset" 510
"../../Plugins/2D/Paper2D/Content/OpaqueUnlitSpriteMaterial.uasset" 511
"../../../Engine/Content/Functions/Engine_MaterialFunctions02/Utility/BreakOutFloat3Components.uasset" 512
"../../Plugins/Editor/SpeedTreeImporter/Content/SpeedTree9/UnpackInteger3.uasset" 513
"../../Plugins/Editor/SpeedTreeImporter/Content/SpeedTree9/UnpackDirection.uasset" 514
"../../Plugins/Editor/SpeedTreeImporter/Content/SpeedTree9/game_wind_noise.uasset" 515
"../../../Engine/Content/Functions/Engine_MaterialFunctions02/SafeNormalize.uasset" 516
"../../Plugins/Editor/SpeedTreeImporter/Content/SpeedTree9/SpeedTreeWindMotion.uasset" 517
"../../Plugins/Editor/SpeedTreeImporter/Content/SpeedTree9/SpeedTreeBranchMotion.uasset" 518
"../../../Engine/Content/Functions/Engine_MaterialFunctions02/ObjectLocalBounds.uasset" 519
"../../../Engine/Content/Functions/Engine_MaterialFunctions02/UVs/BoundingBoxBased_0-1_UVW.uasset" 520
"../../Plugins/Editor/SpeedTreeImporter/Content/SpeedTree9/SpeedTreeWind.uasset" 521
"../../Plugins/Editor/SpeedTreeImporter/Content/SpeedTree9/SpeedTreeBillboard.uasset" 522
"../../../Engine/Content/EngineResources/DefaultTexture.uasset" 523
"../../Plugins/Editor/SpeedTreeImporter/Content/SpeedTree9/SpeedTreeBillboardMaster.uasset" 524
"../../Plugins/Editor/SpeedTreeImporter/Content/SpeedTree9/SpeedTreeCameraFacing.uasset" 525
"../../Plugins/Editor/SpeedTreeImporter/Content/SpeedTree9/SpeedTreeMaster.uasset" 526
"../../../Engine/Content/BasicShapes/Cylinder.uasset" 527
"../../../Engine/Content/ArtTools/RenderToTexture/Materials/Debug/M_Emissive_Color.uasset" 528
"../../Plugins/Lumin/MagicLeapPassableWorld/Content/MagicLeapARPinInfoActor.uasset" 529
"../../../Engine/Content/Functions/Engine_MaterialFunctions02/Utility/MakeFloat3.uasset" 530
"../../../Engine/Content/Functions/Engine_MaterialFunctions02/Utility/BreakOutFloat4Components.uasset" 531
"../../Plugins/Runtime/Oculus/OculusVR/Content/Materials/OculusMR_ChromaKey.uasset" 532
"../../Plugins/Runtime/Oculus/OculusVR/Content/Materials/OculusMR_OpaqueColoredMaterial.uasset" 533
"../../Plugins/Runtime/Oculus/OculusVR/Content/Materials/PokeAHoleMaterial.uasset" 534
"../../../../../GitRepos/Game159RNC/Content/Meshes/ElecBox/Electrical_switchboard_Roughness.uasset" 535
"../../../../../GitRepos/Game159RNC/Content/Meshes/ElecBox/Electrical_switchboard_Opacity.uasset" 536
"../../../../../GitRepos/Game159RNC/Content/Meshes/ElecBox/Electrical_switchboard_Normal_DirectX.uasset" 537
"../../../../../GitRepos/Game159RNC/Content/Meshes/ElecBox/Electrical_switchboard_Metallic.uasset" 538
"../../../../../GitRepos/Game159RNC/Content/Meshes/ElecBox/Electrical_switchboard_Base_Color.uasset" 539
"../../../../../GitRepos/Game159RNC/Content/Meshes/ElecBox/ElecBox.uasset" 540
"../../../../../GitRepos/Game159RNC/Content/Meshes/ElecBox/Electric_Box.uasset" 541
"../../../../../GitRepos/Game159RNC/Content/Audio/bolt-tightening-sf.uasset" 542
"../../../../../GitRepos/Game159RNC/Content/Blueprints/ElectricalBox.uasset" 543
"../../../../../GitRepos/Game159RNC/Content/Blueprints/LevelTravel.uasset" 544
"../../../Engine/Content/BasicShapes/Cube.uasset" 545
"../../../../../GitRepos/Game159RNC/Content/Audio/pickup-sf.uasset" 546
"../../../../../GitRepos/Game159RNC/Content/Materials/wrenchMaterial.uasset" 547
"../../../../../GitRepos/Game159RNC/Content/Meshes/wrench.uasset" 548
"../../../../../GitRepos/Game159RNC/Content/Blueprints/WrenchPickup.uasset" 549
"../../../../../GitRepos/Game159RNC/Content/Meshes/elevatorroom.uasset" 550
"../../../Engine/Content/EngineSky/T_Sky_Stars.uasset" 551
"../../../Engine/Content/EngineSky/T_Sky_Clouds_M.uasset" 552
"../../../Engine/Content/EngineSky/T_Sky_Blue.uasset" 553
"../../../../../GitRepos/Game159RNC/Content/Materials/M_Water_Ocean_Decal.uasset" 554
"../../../Engine/Content/EngineSky/M_Sky_Panning_Clouds2.uasset" 555
"../../../../../GitRepos/Game159RNC/Content/Levels/Floor1_BuiltData.uasset" 556
"../../../Engine/Content/EngineSky/SM_SkySphere.uasset" 557
"../../../Engine/Content/EngineSky/C_Sky_Zenith_Color.uasset" 558
"../../../Engine/Content/EngineSky/C_Sky_Horizon_Color.uasset" 559
"../../../Engine/Content/EngineSky/C_Sky_Cloud_Color.uasset" 560
"../../../Engine/Content/EngineSky/BP_Sky_Sphere.uasset" 561
"../../../../../GitRepos/Game159RNC/Content/Levels/Floor1.umap" 562
"../../../Engine/Content/Functions/Engine_MaterialFunctions02/Fresnel_Function.uasset" 563
"../../../../../GitRepos/Game159RNC/Content/OfficeScene/Materials/M_Glass.uasset" 564
"../../../../../GitRepos/Game159RNC/Content/OfficeScene/Materials/MI_WindowGlass.uasset" 565
"../../../../../GitRepos/Game159RNC/Content/OfficeScene/Materials/M_metal.uasset" 566
"../../../../../GitRepos/Game159RNC/Content/OfficeScene/Meshes/SM_Window.uasset" 567
"../../../../../GitRepos/Game159RNC/Content/Blueprints/Grid_0_0_Blueprint.uasset" 568
"../../../../../GitRepos/Game159RNC/Content/Blueprints/LevelTravel_2.uasset" 569
"../../../../../GitRepos/Game159RNC/Content/OfficeScene/Textures/T_Rubber_R.uasset" 570
"../../../../../GitRepos/Game159RNC/Content/OfficeScene/Textures/T_Rubber_N.uasset" 571
"../../../../../GitRepos/Game159RNC/Content/OfficeScene/Materials/M_Rubber.uasset" 572
"../../../../../GitRepos/Game159RNC/Content/OfficeScene/Materials/MI_MousepadRuber.uasset" 573
"../../../../../GitRepos/Game159RNC/Content/Blueprints/Reset_Button_BP.uasset" 574
"../../../../../GitRepos/Game159RNC/Content/Levels/Floor2_BuiltData.uasset" 575
"../../../../../GitRepos/Game159RNC/Content/Levels/Floor2.umap" 576
"../../../../../GitRepos/Game159RNC/Content/Meshes/Shape_Sphere.uasset" 577
"../../../../../GitRepos/Game159RNC/Content/Blueprints/ball.uasset" 578
"../../../../../GitRepos/Game159RNC/Content/Blueprints/deleteBall_BP.uasset" 579
"../../../../../GitRepos/Game159RNC/Content/Blueprints/SkeeBallCamera.uasset" 580
"../../../../../GitRepos/Game159RNC/Content/Levels/MainMenu/Widgets/SkeeBall_Widget.uasset" 581
"../../../../../GitRepos/Game159RNC/Content/Blueprints/PressE.uasset" 582
"../../../Engine/Content/BasicShapes/Plane.uasset" 583
"../../../../../GitRepos/Game159RNC/Content/Levels/Floor3_BuiltData.uasset" 584
"../../../../../GitRepos/Game159RNC/Content/Levels/Floor3.umap" 585
"../../../../../GitRepos/Game159RNC/Content/OfficeScene/Textures/T_BookCover1_BC.uasset" 586
"../../../../../GitRepos/Game159RNC/Content/OfficeScene/Textures/T_Book_ORM.uasset" 587
"../../../../../GitRepos/Game159RNC/Content/OfficeScene/Textures/T_Book_N.uasset" 588
"../../../../../GitRepos/Game159RNC/Content/OfficeScene/Textures/T_Laptop_ORM.uasset" 589
"../../../../../GitRepos/Game159RNC/Content/OfficeScene/Textures/T_Laptop_N.uasset" 590
"../../../../../GitRepos/Game159RNC/Content/OfficeScene/Textures/T_Laptop_BC.uasset" 591
"../../../../../GitRepos/Game159RNC/Content/OfficeScene/Materials/M_Laptop.uasset" 592
"../../../../../GitRepos/Game159RNC/Content/OfficeScene/Materials/MI_Book1.uasset" 593
"../../../../../GitRepos/Game159RNC/Content/OfficeScene/Meshes/SM_Book1.uasset" 594
"../../../../../GitRepos/Game159RNC/Content/OfficeScene/Textures/T_BookCover_BC.uasset" 595
"../../../../../GitRepos/Game159RNC/Content/OfficeScene/Materials/MI_Book.uasset" 596
"../../../../../GitRepos/Game159RNC/Content/OfficeScene/Meshes/SM_Book.uasset" 597
"../../../../../GitRepos/Game159RNC/Content/OfficeScene/Textures/T_BirdsNestPlant_ORM.uasset" 598
"../../../../../GitRepos/Game159RNC/Content/OfficeScene/Textures/T_BirdsNestPlant_N.uasset" 599
"../../../../../GitRepos/Game159RNC/Content/OfficeScene/Textures/T_BirdsNestPlant_BC.uasset" 600
"../../../../../GitRepos/Game159RNC/Content/OfficeScene/Materials/MI_BirdsNestPlant.uasset" 601
"../../../../../GitRepos/Game159RNC/Content/OfficeScene/Meshes/SM_BirdsNestPlant.uasset" 602
"../../../../../GitRepos/Game159RNC/Content/OfficeScene/Textures/T_BambooPot_ORM.uasset" 603
"../../../../../GitRepos/Game159RNC/Content/OfficeScene/Textures/T_BambooPot_N.uasset" 604
"../../../../../GitRepos/Game159RNC/Content/OfficeScene/Textures/T_BambooPot_BC.uasset" 605
"../../../../../GitRepos/Game159RNC/Content/OfficeScene/Materials/MI_BambooPot.uasset" 606
"../../../../../GitRepos/Game159RNC/Content/OfficeScene/Meshes/SM_BambooPot.uasset" 607
"../../../../../GitRepos/Game159RNC/Content/OfficeScene/Textures/T_Melamine_R.uasset" 608
"../../../../../GitRepos/Game159RNC/Content/OfficeScene/Textures/T_Melamine_N.uasset" 609
"../../../../../GitRepos/Game159RNC/Content/OfficeScene/Materials/M_Melamine.uasset" 610
"../../../../../GitRepos/Game159RNC/Content/OfficeScene/Materials/MI_MelamineWhite.uasset" 611
"../../../../../GitRepos/Game159RNC/Content/OfficeScene/Textures/T_Floor_R.uasset" 612
"../../../../../GitRepos/Game159RNC/Content/OfficeScene/Textures/T_Floor_N.uasset" 613
"../../../../../GitRepos/Game159RNC/Content/OfficeScene/Textures/T_Floor_BC.uasset" 614
"../../../../../GitRepos/Game159RNC/Content/OfficeScene/Materials/M_Floor.uasset" 615
"../../../../../GitRepos/Game159RNC/Content/OfficeScene/Meshes/Room/SM_ShowroomFloor.uasset" 616
"../../../../../GitRepos/Game159RNC/Content/OfficeScene/Textures/T_Equi_BC.uasset" 617
"../../../../../GitRepos/Game159RNC/Content/OfficeScene/Materials/M_Enviroment.uasset" 618
"../../../../../GitRepos/Game159RNC/Content/OfficeScene/Meshes/Room/SM_EnviromentSphere.uasset" 619
"../../../../../GitRepos/Game159RNC/Content/Levels/MainMenu/Widgets/Menu3DWidget.uasset" 620
"../../../../../GitRepos/Game159RNC/Content/Levels/MainMenu/Widgets/Button_Widget.uasset" 621
"../../../../../GitRepos/Game159RNC/Content/Levels/MainMenu/Widgets/Options_Widget.uasset" 622
"../../../../../GitRepos/Game159RNC/Content/Levels/MainMenu/Widgets/MainMenu_Widget.uasset" 623
"../../../Engine/Content/MapTemplates/SM_Template_Map_Floor.uasset" 624
"../../../../../GitRepos/Game159RNC/Content/OfficeScene/Textures/T_WallDraw_M.uasset" 625
"../../../../../GitRepos/Game159RNC/Content/OfficeScene/Textures/T_Wall_R.uasset" 626
"../../../../../GitRepos/Game159RNC/Content/OfficeScene/Materials/M_Wall.uasset" 627
"../../../../../GitRepos/Game159RNC/Content/Levels/MainMenu/MainMenu_BuiltData.uasset" 628
"../../../../../GitRepos/Game159RNC/Content/OfficeScene/Materials/M_Wall1.uasset" 629
"../../../../../GitRepos/Game159RNC/Content/OfficeScene/Meshes/Room/SM_ShowroomWalls.uasset" 630
"../../../../../GitRepos/Game159RNC/Content/Levels/MainMenu/MainMenuGameMode.uasset" 631
"../../../../../GitRepos/Game159RNC/Content/Levels/MainMenu/BP_Menu3D.uasset" 632
"../../../../../GitRepos/Game159RNC/Content/OfficeScene/Textures/T_BookCover7_BC.uasset" 633
"../../../../../GitRepos/Game159RNC/Content/OfficeScene/Textures/T_Book3_ORM.uasset" 634
"../../../../../GitRepos/Game159RNC/Content/OfficeScene/Textures/T_Book3_N.uasset" 635
"../../../../../GitRepos/Game159RNC/Content/OfficeScene/Materials/MI_BookThird.uasset" 636
"../../../../../GitRepos/Game159RNC/Content/OfficeScene/Meshes/SM_Book10.uasset" 637
"../../../../../GitRepos/Game159RNC/Content/OfficeScene/Textures/T_BookCover9_BC.uasset" 638
"../../../../../GitRepos/Game159RNC/Content/OfficeScene/Materials/MI_BookThird2.uasset" 639
"../../../../../GitRepos/Game159RNC/Content/OfficeScene/Meshes/SM_Book11.uasset" 640
"../../../../../GitRepos/Game159RNC/Content/OfficeScene/Meshes/SM_Book12.uasset" 641
"../../../../../GitRepos/Game159RNC/Content/OfficeScene/Textures/T_BookCover2_BC.uasset" 642
"../../../../../GitRepos/Game159RNC/Content/OfficeScene/Materials/MI_Book2.uasset" 643
"../../../../../GitRepos/Game159RNC/Content/OfficeScene/Meshes/SM_Book2.uasset" 644
"../../../../../GitRepos/Game159RNC/Content/OfficeScene/Textures/T_BookCover3_BC.uasset" 645
"../../../../../GitRepos/Game159RNC/Content/OfficeScene/Materials/MI_BookSecond.uasset" 646
"../../../../../GitRepos/Game159RNC/Content/OfficeScene/Meshes/SM_Book3.uasset" 647
"../../../../../GitRepos/Game159RNC/Content/OfficeScene/Textures/T_BookCover4_BC.uasset" 648
"../../../../../GitRepos/Game159RNC/Content/OfficeScene/Materials/MI_BookSecond1.uasset" 649
"../../../../../GitRepos/Game159RNC/Content/OfficeScene/Meshes/SM_Book4.uasset" 650
"../../../../../GitRepos/Game159RNC/Content/OfficeScene/Textures/T_BookCover5_BC.uasset" 651
"../../../../../GitRepos/Game159RNC/Content/OfficeScene/Materials/MI_BookSecond2.uasset" 652
"../../../../../GitRepos/Game159RNC/Content/OfficeScene/Meshes/SM_Book5.uasset" 653
"../../../../../GitRepos/Game159RNC/Content/OfficeScene/Textures/T_BookCover6_BC.uasset" 654
"../../../../../GitRepos/Game159RNC/Content/OfficeScene/Materials/MI_BookSecond3.uasset" 655
"../../../../../GitRepos/Game159RNC/Content/OfficeScene/Meshes/SM_Book6.uasset" 656
"../../../../../GitRepos/Game159RNC/Content/OfficeScene/Meshes/SM_Book7.uasset" 657
"../../../../../GitRepos/Game159RNC/Content/OfficeScene/Textures/T_BookCover8_BC.uasset" 658
"../../../../../GitRepos/Game159RNC/Content/OfficeScene/Materials/MI_BookThird1.uasset" 659
"../../../../../GitRepos/Game159RNC/Content/OfficeScene/Meshes/SM_Book8.uasset" 660
"../../../../../GitRepos/Game159RNC/Content/OfficeScene/Meshes/SM_Book9.uasset" 661
"../../../../../GitRepos/Game159RNC/Content/OfficeScene/Materials/MI_MelamineSecondColor.uasset" 662
"../../../../../GitRepos/Game159RNC/Content/OfficeScene/Meshes/SM_Cabinet.uasset" 663
"../../../../../GitRepos/Game159RNC/Content/OfficeScene/Textures/T_CeilingLamp_ORM.uasset" 664
"../../../../../GitRepos/Game159RNC/Content/OfficeScene/Textures/T_CeilingLamp_N.uasset" 665
"../../../../../GitRepos/Game159RNC/Content/OfficeScene/Textures/T_CeilingLamp_BC.uasset" 666
"../../../../../GitRepos/Game159RNC/Content/OfficeScene/Materials/MI_CeilingLamp.uasset" 667
"../../../../../GitRepos/Game159RNC/Content/OfficeScene/Meshes/SM_CeilingLamp.uasset" 668
"../../../../../GitRepos/Game159RNC/Content/OfficeScene/Textures/T_DeskLamp_ORM.uasset" 669
"../../../../../GitRepos/Game159RNC/Content/OfficeScene/Textures/T_DeskLamp_N.uasset" 670
"../../../../../GitRepos/Game159RNC/Content/OfficeScene/Textures/T_DeskLamp_BC.uasset" 671
"../../../../../GitRepos/Game159RNC/Content/OfficeScene/Materials/MI_DeskLamp.uasset" 672
"../../../../../GitRepos/Game159RNC/Content/OfficeScene/Meshes/SM_DeskLamp.uasset" 673
"../../../../../GitRepos/Game159RNC/Content/OfficeScene/Textures/T_Hole_N.uasset" 674
"../../../../../GitRepos/Game159RNC/Content/OfficeScene/Textures/T_Hole_M.uasset" 675
"../../../../../GitRepos/Game159RNC/Content/OfficeScene/Materials/M_DeskTrayHoles.uasset" 676
"../../../../../GitRepos/Game159RNC/Content/OfficeScene/Materials/MI_DeskTrayMetal.uasset" 677
"../../../../../GitRepos/Game159RNC/Content/OfficeScene/Meshes/SM_DeskTray.uasset" 678
"../../../../../GitRepos/Game159RNC/Content/OfficeScene/Textures/T_Encyclopedia_ORM.uasset" 679
"../../../../../GitRepos/Game159RNC/Content/OfficeScene/Textures/T_Encyclopedia_N.uasset" 680
"../../../../../GitRepos/Game159RNC/Content/OfficeScene/Textures/T_Encyclopedia_BC.uasset" 681
"../../../../../GitRepos/Game159RNC/Content/OfficeScene/Materials/M_Encyclopedia.uasset" 682
"../../../../../GitRepos/Game159RNC/Content/OfficeScene/Meshes/SM_Encyclopedia.uasset" 683
"../../../../../GitRepos/Game159RNC/Content/OfficeScene/Textures/T_EncyclopediaV2_ORM.uasset" 684
"../../../../../GitRepos/Game159RNC/Content/OfficeScene/Textures/T_EncyclopediaV2_N.uasset" 685
"../../../../../GitRepos/Game159RNC/Content/OfficeScene/Textures/T_EncyclopediaV2_BC.uasset" 686
"../../../../../GitRepos/Game159RNC/Content/OfficeScene/Materials/MI_EncyclopediaV2.uasset" 687
"../../../../../GitRepos/Game159RNC/Content/OfficeScene/Meshes/SM_EncyclopediaStackV2.uasset" 688
"../../../../../GitRepos/Game159RNC/Content/OfficeScene/Textures/T_Pencils_ORM.uasset" 689
"../../../../../GitRepos/Game159RNC/Content/OfficeScene/Textures/T_Pencils_N.uasset" 690
"../../../../../GitRepos/Game159RNC/Content/OfficeScene/Textures/T_Pencils_BC.uasset" 691
"../../../../../GitRepos/Game159RNC/Content/OfficeScene/Materials/MI_Pencils.uasset" 692
"../../../../../GitRepos/Game159RNC/Content/OfficeScene/Meshes/SM_EraserPencil.uasset" 693
"../../../../../GitRepos/Game159RNC/Content/OfficeScene/Materials/M_ExecutiveChairPlastic.uasset" 694
"../../../../../GitRepos/Game159RNC/Content/OfficeScene/Materials/M_ExecutiveChairMetal.uasset" 695
"../../../../../GitRepos/Game159RNC/Content/OfficeScene/Textures/T_ExecutiveChair_ORM.uasset" 696
"../../../../../GitRepos/Game159RNC/Content/OfficeScene/Textures/T_ExecutiveChair_N.uasset" 697
"../../../../../GitRepos/Game159RNC/Content/OfficeScene/Textures/T_ExecutiveChair_BC.uasset" 698
"../../../../../GitRepos/Game159RNC/Content/OfficeScene/Materials/MI_ExecutiveChairSeat.uasset" 699
"../../../../../GitRepos/Game159RNC/Content/OfficeScene/Meshes/SM_ExecutiveChair.uasset" 700
"../../../../../GitRepos/Game159RNC/Content/OfficeScene/Meshes/SM_ExecutiveDesk.uasset" 701
"../../../../../GitRepos/Game159RNC/Content/OfficeScene/Textures/T_FileFolder_ORM.uasset" 702
"../../../../../GitRepos/Game159RNC/Content/OfficeScene/Textures/T_FileFolder_N.uasset" 703
"../../../../../GitRepos/Game159RNC/Content/OfficeScene/Textures/T_FileFolder_BC.uasset" 704
"../../../../../GitRepos/Game159RNC/Content/OfficeScene/Materials/M_FileFolder.uasset" 705
"../../../../../GitRepos/Game159RNC/Content/OfficeScene/Meshes/SM_FileFolder.uasset" 706
"../../../../../GitRepos/Game159RNC/Content/OfficeScene/Meshes/SM_FountainPen.uasset" 707
"../../../../../GitRepos/Game159RNC/Content/OfficeScene/Textures/T_CliffCubemap.uasset" 708
"../../../../../GitRepos/Game159RNC/Content/OfficeScene/Textures/T_VisitorChair_ORM.uasset" 709
"../../../../../GitRepos/Game159RNC/Content/OfficeScene/Textures/T_VisitorChair_N.uasset" 710
"../../../../../GitRepos/Game159RNC/Content/OfficeScene/Textures/T_VisitorChair_BC.uasset" 711
"../../../../../GitRepos/Game159RNC/Content/OfficeScene/Materials/MI_VisitorChair.uasset" 712
"../../../../../GitRepos/Game159RNC/Content/OfficeScene/Meshes/SM_VisitorChair.uasset" 713
"../../../../../GitRepos/Game159RNC/Content/OfficeScene/Textures/T_Vase1_ORM.uasset" 714
"../../../../../GitRepos/Game159RNC/Content/OfficeScene/Textures/T_Vase1_N.uasset" 715
"../../../../../GitRepos/Game159RNC/Content/OfficeScene/Textures/T_Vase1_BC.uasset" 716
"../../../../../GitRepos/Game159RNC/Content/OfficeScene/Materials/MI_Vase1.uasset" 717
"../../../../../GitRepos/Game159RNC/Content/OfficeScene/Meshes/SM_Vase2.uasset" 718
"../../../../../GitRepos/Game159RNC/Content/OfficeScene/Textures/T_Vases_ORM.uasset" 719
"../../../../../GitRepos/Game159RNC/Content/OfficeScene/Textures/T_Vases_N.uasset" 720
"../../../../../GitRepos/Game159RNC/Content/OfficeScene/Textures/T_Vases_BC.uasset" 721
"../../../../../GitRepos/Game159RNC/Content/OfficeScene/Materials/MI_Vases.uasset" 722
"../../../../../GitRepos/Game159RNC/Content/OfficeScene/Meshes/SM_Vase1.uasset" 723
"../../../../../GitRepos/Game159RNC/Content/OfficeScene/Meshes/SM_Vase.uasset" 724
"../../../../../GitRepos/Game159RNC/Content/OfficeScene/Textures/T_SnakePlant_ORM.uasset" 725
"../../../../../GitRepos/Game159RNC/Content/OfficeScene/Textures/T_SnakePlant_N.uasset" 726
"../../../../../GitRepos/Game159RNC/Content/OfficeScene/Textures/T_SnakePlant_BC.uasset" 727
"../../../../../GitRepos/Game159RNC/Content/OfficeScene/Materials/MI_SnakePlant.uasset" 728
"../../../../../GitRepos/Game159RNC/Content/OfficeScene/Meshes/SM_SnakePlant.uasset" 729
"../../../../../GitRepos/Game159RNC/Content/OfficeScene/Textures/T_Printer_ORM.uasset" 730
"../../../../../GitRepos/Game159RNC/Content/OfficeScene/Textures/T_Printer_N.uasset" 731
"../../../../../GitRepos/Game159RNC/Content/OfficeScene/Textures/T_Printer_BC.uasset" 732
"../../../../../GitRepos/Game159RNC/Content/OfficeScene/Materials/MI_Printer.uasset" 733
"../../../../../GitRepos/Game159RNC/Content/OfficeScene/Meshes/SM_Printer.uasset" 734
"../../../../../GitRepos/Game159RNC/Content/OfficeScene/Textures/T_PlotterScreen_BC.uasset" 735
"../../../../../GitRepos/Game159RNC/Content/OfficeScene/Materials/M_PlotterScreen.uasset" 736
"../../../../../GitRepos/Game159RNC/Content/OfficeScene/Textures/T_Print_BC.uasset" 737
"../../../../../GitRepos/Game159RNC/Content/OfficeScene/Materials/M_PlotterPrint.uasset" 738
"../../../../../GitRepos/Game159RNC/Content/OfficeScene/Textures/T_Plotter_ORM.uasset" 739
"../../../../../GitRepos/Game159RNC/Content/OfficeScene/Textures/T_Plotter_N.uasset" 740
"../../../../../GitRepos/Game159RNC/Content/OfficeScene/Textures/T_Plotter_BC.uasset" 741
"../../../../../GitRepos/Game159RNC/Content/OfficeScene/Materials/M_Plotter.uasset" 742
"../../../../../GitRepos/Game159RNC/Content/OfficeScene/Meshes/SM_Plotter.uasset" 743
"../../../../../GitRepos/Game159RNC/Content/OfficeScene/Textures/T_PencilPot_ORM.uasset" 744
"../../../../../GitRepos/Game159RNC/Content/OfficeScene/Textures/T_PencilPot_N.uasset" 745
"../../../../../GitRepos/Game159RNC/Content/OfficeScene/Textures/T_PencilPot__BC.uasset" 746
"../../../../../GitRepos/Game159RNC/Content/OfficeScene/Materials/MI_PencilPot.uasset" 747
"../../../../../GitRepos/Game159RNC/Content/OfficeScene/Meshes/SM_PencilPot.uasset" 748
"../../../../../GitRepos/Game159RNC/Content/OfficeScene/Meshes/SM_Pencil.uasset" 749
"../../../../../GitRepos/Game159RNC/Content/OfficeScene/Textures/T_Picture_ORM.uasset" 750
"../../../../../GitRepos/Game159RNC/Content/OfficeScene/Textures/T_Picture_N.uasset" 751
"../../../../../GitRepos/Game159RNC/Content/OfficeScene/Textures/T_Picture_BC.uasset" 752
"../../../../../GitRepos/Game159RNC/Content/OfficeScene/Materials/MI_Photo.uasset" 753
"../../../../../GitRepos/Game159RNC/Content/OfficeScene/Meshes/SM_Painting.uasset" 754
"../../../../../GitRepos/Game159RNC/Content/OfficeScene/Textures/T_Notebook_ORM.uasset" 755
"../../../../../GitRepos/Game159RNC/Content/OfficeScene/Textures/T_Notebook_N.uasset" 756
"../../../../../GitRepos/Game159RNC/Content/OfficeScene/Textures/T_Notebook_BC.uasset" 757
"../../../../../GitRepos/Game159RNC/Content/OfficeScene/Materials/MI_Notebook.uasset" 758
"../../../../../GitRepos/Game159RNC/Content/OfficeScene/Meshes/SM_Notebook.uasset" 759
"../../../../../GitRepos/Game159RNC/Content/OfficeScene/Textures/T_Fabric_R.uasset" 760
"../../../../../GitRepos/Game159RNC/Content/OfficeScene/Textures/T_Fabric_N.uasset" 761
"../../../../../GitRepos/Game159RNC/Content/OfficeScene/Materials/M_Fabric.uasset" 762
"../../../../../GitRepos/Game159RNC/Content/OfficeScene/Materials/MI_MousepadFabric.uasset" 763
"../../../../../GitRepos/Game159RNC/Content/OfficeScene/Meshes/SM_Mousepad.uasset" 764
"../../../../../GitRepos/Game159RNC/Content/OfficeScene/Textures/T_Mouse_ORM.uasset" 765
"../../../../../GitRepos/Game159RNC/Content/OfficeScene/Textures/T_Mouse_BC.uasset" 766
"../../../../../GitRepos/Game159RNC/Content/OfficeScene/Textures/T_Mouse__N.uasset" 767
"../../../../../GitRepos/Game159RNC/Content/OfficeScene/Materials/MI_Mouse.uasset" 768
"../../../../../GitRepos/Game159RNC/Content/OfficeScene/Meshes/SM_Mouse.uasset" 769
"../../../../../GitRepos/Game159RNC/Content/OfficeScene/Textures/T_Monitor_ORM.uasset" 770
"../../../../../GitRepos/Game159RNC/Content/OfficeScene/Textures/T_Monitor_N.uasset" 771
"../../../../../GitRepos/Game159RNC/Content/OfficeScene/Textures/T_Monitor_BC.uasset" 772
"../../../../../GitRepos/Game159RNC/Content/OfficeScene/Materials/MI_Monitor.uasset" 773
"../../../../../GitRepos/Game159RNC/Content/OfficeScene/Meshes/SM_Monitor.uasset" 774
"../../../../../GitRepos/Game159RNC/Content/OfficeScene/Meshes/SM_Laptop.uasset" 775
"../../../../../GitRepos/Game159RNC/Content/OfficeScene/Textures/T_Keyboard_ORM.uasset" 776
"../../../../../GitRepos/Game159RNC/Content/OfficeScene/Textures/T_Keyboard_N.uasset" 777
"../../../../../GitRepos/Game159RNC/Content/OfficeScene/Textures/T_Keyboard_BC.uasset" 778
"../../../../../GitRepos/Game159RNC/Content/OfficeScene/Materials/MI_Keyboard.uasset" 779
"../../../../../GitRepos/Game159RNC/Content/OfficeScene/Meshes/SM_Keyboard.uasset" 780
"../../../../../GitRepos/Game159RNC/Content/OfficeScene/Textures/T_IndoorPlant_ORM.uasset" 781
"../../../../../GitRepos/Game159RNC/Content/OfficeScene/Textures/T_IndoorPlant_N.uasset" 782
"../../../../../GitRepos/Game159RNC/Content/OfficeScene/Textures/T_IndoorPlant_M.uasset" 783
"../../../../../GitRepos/Game159RNC/Content/OfficeScene/Textures/T_IndoorPlant_BC.uasset" 784
"../../../../../GitRepos/Game159RNC/Content/OfficeScene/Materials/M_IndoorPlant.uasset" 785
"../../../../../GitRepos/Game159RNC/Content/OfficeScene/Meshes/SM_IndoorPlant.uasset" 786
"../../../../../GitRepos/Game159RNC/Content/OfficeScene/Textures/T_Globe_ORM.uasset" 787
"../../../../../GitRepos/Game159RNC/Content/OfficeScene/Textures/T_Globe_N.uasset" 788
"../../../../../GitRepos/Game159RNC/Content/OfficeScene/Textures/T_Globe_BC.uasset" 789
"../../../../../GitRepos/Game159RNC/Content/OfficeScene/Materials/MI_Globe.uasset" 790
"../../../../../GitRepos/Game159RNC/Content/OfficeScene/Meshes/SM_Globe.uasset" 791
"../../../../../GitRepos/Game159RNC/Content/Levels/MainMenu/MainMenu.umap" 792
"../../../Engine/Content/Maps/Entry_BuiltData.uasset" 793
"../../../Engine/Content/Maps/Entry.umap" 794
